<?xml version="1.0" encoding="UTF-8"?>
<testng-results skipped="0" failed="1" total="1" passed="0">
  <reporter-output>
  </reporter-output>
  <suite name="Default suite" duration-ms="436537" started-at="2019-09-02T16:20:28Z" finished-at="2019-09-02T16:27:45Z">
    <groups>
    </groups>
    <test name="Default test" duration-ms="436537" started-at="2019-09-02T16:20:28Z" finished-at="2019-09-02T16:27:45Z">
      <class name="com.trivago.jobslist.TrivagoJobsTest">
        <test-method status="PASS" signature="setProperties()[pri:0, instance:com.trivago.jobslist.TrivagoJobsTest@14bf9759]" name="setProperties" is-config="true" duration-ms="10841" started-at="2019-09-02T21:50:28Z" finished-at="2019-09-02T21:50:39Z">
          <reporter-output>
          </reporter-output>
        </test-method> <!-- setProperties -->
        <test-method status="FAIL" signature="verifyTag()[pri:0, instance:com.trivago.jobslist.TrivagoJobsTest@14bf9759]" name="verifyTag" duration-ms="423827" started-at="2019-09-02T21:50:39Z" finished-at="2019-09-02T21:57:43Z">
          <exception class="java.lang.AssertionError">
            <message>
              <![CDATA[The following asserts failed:
	value is not displayed in defined tag By.xpath: //b[contains(text(),"What you'll definitely need:")]for job url 'https://company.trivago.com/?post_type=job-position&p=23307 ' expected [true] but found [false],
	value is not displayed in defined tag By.xpath: //b[contains(text(),"What we'd love you to have:")]for job url 'https://company.trivago.com/?post_type=job-position&p=23307 ' expected [true] but found [false],
	value is not displayed in defined tag By.xpath: //b[contains(text(),"What you'll do:")]for job url 'https://company.trivago.com/?post_type=job-position&p=23307 ' expected [true] but found [false],
	value is not displayed in defined tag By.xpath: //b[contains(text(),"What you'll definitely need:")]for job url 'https://company.trivago.com/?post_type=job-position&p=23303 ' expected [true] but found [false],
	value is not displayed in defined tag By.xpath: //b[contains(text(),"What you'll do:")]for job url 'https://company.trivago.com/?post_type=job-position&p=23303 ' expected [true] but found [false],
	value is not displayed in defined tag By.xpath: //b[contains(text(),"What you'll definitely need:")]for job url 'https://company.trivago.com/?post_type=job-position&p=23301 ' expected [true] but found [false],
	value is not displayed in defined tag By.xpath: //b[contains(text(),"What we'd love you to have:")]for job url 'https://company.trivago.com/?post_type=job-position&p=23301 ' expected [true] but found [false],
	value is not displayed in defined tag By.xpath: //b[contains(text(),"What you'll do:")]for job url 'https://company.trivago.com/?post_type=job-position&p=23301 ' expected [true] but found [false],
	value is not displayed in defined tag By.xpath: //b[contains(text(),"What you'll definitely need:")]for job url 'https://company.trivago.com/?post_type=job-position&p=23300 ' expected [true] but found [false],
	value is not displayed in defined tag By.xpath: //b[contains(text(),"What we'd love you to have:")]for job url 'https://company.trivago.com/?post_type=job-position&p=23300 ' expected [true] but found [false],
	value is not displayed in defined tag By.xpath: //b[contains(text(),"What you'll definitely need:")]for job url 'https://company.trivago.com/?post_type=job-position&p=23299 ' expected [true] but found [false],
	value is not displayed in defined tag By.xpath: //b[contains(text(),"What we'd love you to have:")]for job url 'https://company.trivago.com/?post_type=job-position&p=23299 ' expected [true] but found [false],
	value is not displayed in defined tag By.xpath: //b[contains(text(),"What you'll do:")]for job url 'https://company.trivago.com/?post_type=job-position&p=23299 ' expected [true] but found [false],
	value is not displayed in defined tag By.xpath: //b[contains(text(),"What you'll definitely need:")]for job url 'https://company.trivago.com/?post_type=job-position&p=23293 ' expected [true] but found [false],
	value is not displayed in defined tag By.xpath: //b[contains(text(),"What we'd love you to have:")]for job url 'https://company.trivago.com/?post_type=job-position&p=23293 ' expected [true] but found [false],
	value is not displayed in defined tag By.xpath: //b[contains(text(),"What you'll do:")]for job url 'https://company.trivago.com/?post_type=job-position&p=23293 ' expected [true] but found [false],
	value is not displayed in defined tag By.xpath: //b[contains(text(),"What you'll definitely need:")]for job url 'https://company.trivago.com/?post_type=job-position&p=23290 ' expected [true] but found [false],
	value is not displayed in defined tag By.xpath: //b[contains(text(),"What we'd love you to have:")]for job url 'https://company.trivago.com/?post_type=job-position&p=23290 ' expected [true] but found [false],
	value is not displayed in defined tag By.xpath: //b[contains(text(),"What you'll do:")]for job url 'https://company.trivago.com/?post_type=job-position&p=23290 ' expected [true] but found [false],
	value is not displayed in defined tag By.xpath: //b[contains(text(),"What you'll definitely need:")]for job url 'https://company.trivago.com/?post_type=job-position&p=23287 ' expected [true] but found [false],
	value is not displayed in defined tag By.xpath: //b[contains(text(),"What we'd love you to have:")]for job url 'https://company.trivago.com/?post_type=job-position&p=23287 ' expected [true] but found [false],
	value is not displayed in defined tag By.xpath: //b[contains(text(),"What you'll do:")]for job url 'https://company.trivago.com/?post_type=job-position&p=23287 ' expected [true] but found [false],
	value is not displayed in defined tag By.xpath: //b[contains(text(),"What you'll definitely need:")]for job url 'https://company.trivago.com/?post_type=job-position&p=23283 ' expected [true] but found [false],
	value is not displayed in defined tag By.xpath: //b[contains(text(),"What we'd love you to have:")]for job url 'https://company.trivago.com/?post_type=job-position&p=23283 ' expected [true] but found [false],
	value is not displayed in defined tag By.xpath: //b[contains(text(),"What you'll definitely need:")]for job url 'https://company.trivago.com/?post_type=job-position&p=23279 ' expected [true] but found [false],
	value is not displayed in defined tag By.xpath: //b[contains(text(),"What we'd love you to have:")]for job url 'https://company.trivago.com/?post_type=job-position&p=23279 ' expected [true] but found [false],
	value is not displayed in defined tag By.xpath: //b[contains(text(),"What you'll do:")]for job url 'https://company.trivago.com/?post_type=job-position&p=23279 ' expected [true] but found [false],
	value is not displayed in defined tag By.xpath: //b[contains(text(),"What you'll definitely need:")]for job url 'https://company.trivago.com/?post_type=job-position&p=23269 ' expected [true] but found [false],
	value is not displayed in defined tag By.xpath: //b[contains(text(),"What we'd love you to have:")]for job url 'https://company.trivago.com/?post_type=job-position&p=23269 ' expected [true] but found [false],
	value is not displayed in defined tag By.xpath: //b[contains(text(),"What you'll do:")]for job url 'https://company.trivago.com/?post_type=job-position&p=23269 ' expected [true] but found [false],
	value is not displayed in defined tag By.xpath: //b[contains(text(),"What you'll definitely need:")]for job url 'https://company.trivago.com/?post_type=job-position&p=23259 ' expected [true] but found [false],
	value is not displayed in defined tag By.xpath: //b[contains(text(),"What you'll definitely need:")]for job url 'https://company.trivago.com/?post_type=job-position&p=23258 ' expected [true] but found [false],
	value is not displayed in defined tag By.xpath: //b[contains(text(),"What you'll do:")]for job url 'https://company.trivago.com/?post_type=job-position&p=23258 ' expected [true] but found [false],
	value is not displayed in defined tag By.xpath: //b[contains(text(),"What you'll definitely need:")]for job url 'https://company.trivago.com/?post_type=job-position&p=23252 ' expected [true] but found [false],
	value is not displayed in defined tag By.xpath: //b[contains(text(),"What you'll do:")]for job url 'https://company.trivago.com/?post_type=job-position&p=23252 ' expected [true] but found [false],
	value is not displayed in defined tag By.xpath: //b[contains(text(),"What you'll definitely need:")]for job url 'https://company.trivago.com/?post_type=job-position&p=23251 ' expected [true] but found [false],
	value is not displayed in defined tag By.xpath: //b[contains(text(),"What we'd love you to have:")]for job url 'https://company.trivago.com/?post_type=job-position&p=23251 ' expected [true] but found [false],
	value is not displayed in defined tag By.xpath: //b[contains(text(),"What you'll do:")]for job url 'https://company.trivago.com/?post_type=job-position&p=23251 ' expected [true] but found [false],
	value is not displayed in defined tag By.xpath: //b[contains(text(),"What you'll definitely need:")]for job url 'https://company.trivago.com/?post_type=job-position&p=23250 ' expected [true] but found [false],
	value is not displayed in defined tag By.xpath: //b[contains(text(),"What we'd love you to have:")]for job url 'https://company.trivago.com/?post_type=job-position&p=23250 ' expected [true] but found [false],
	value is not displayed in defined tag By.xpath: //b[contains(text(),"What you'll do:")]for job url 'https://company.trivago.com/?post_type=job-position&p=23250 ' expected [true] but found [false],
	value is not displayed in defined tag By.xpath: //b[contains(text(),"What you'll do:")]for job url 'https://company.trivago.com/?post_type=job-position&p=23249 ' expected [true] but found [false],
	value is not displayed in defined tag By.xpath: //b[contains(text(),"What you'll definitely need:")]for job url 'https://company.trivago.com/?post_type=job-position&p=23248 ' expected [true] but found [false],
	value is not displayed in defined tag By.xpath: //b[contains(text(),"What we'd love you to have:")]for job url 'https://company.trivago.com/?post_type=job-position&p=23248 ' expected [true] but found [false],
	value is not displayed in defined tag By.xpath: //b[contains(text(),"What you'll do:")]for job url 'https://company.trivago.com/?post_type=job-position&p=23248 ' expected [true] but found [false],
	value is not displayed in defined tag By.xpath: //b[contains(text(),"What you'll definitely need:")]for job url 'https://company.trivago.com/?post_type=job-position&p=23247 ' expected [true] but found [false],
	value is not displayed in defined tag By.xpath: //b[contains(text(),"What we'd love you to have:")]for job url 'https://company.trivago.com/?post_type=job-position&p=23247 ' expected [true] but found [false],
	value is not displayed in defined tag By.xpath: //b[contains(text(),"What you'll do:")]for job url 'https://company.trivago.com/?post_type=job-position&p=23247 ' expected [true] but found [false],
	value is not displayed in defined tag By.xpath: //b[contains(text(),"What you'll definitely need:")]for job url 'https://company.trivago.com/?post_type=job-position&p=23246 ' expected [true] but found [false],
	value is not displayed in defined tag By.xpath: //b[contains(text(),"What we'd love you to have:")]for job url 'https://company.trivago.com/?post_type=job-position&p=23246 ' expected [true] but found [false],
	value is not displayed in defined tag By.xpath: //b[contains(text(),"What you'll do:")]for job url 'https://company.trivago.com/?post_type=job-position&p=23246 ' expected [true] but found [false],
	value is not displayed in defined tag By.xpath: //b[contains(text(),"What you'll definitely need:")]for job url 'https://company.trivago.com/?post_type=job-position&p=23235 ' expected [true] but found [false],
	value is not displayed in defined tag By.xpath: //b[contains(text(),"What we'd love you to have:")]for job url 'https://company.trivago.com/?post_type=job-position&p=23235 ' expected [true] but found [false],
	value is not displayed in defined tag By.xpath: //b[contains(text(),"What you'll do:")]for job url 'https://company.trivago.com/?post_type=job-position&p=23235 ' expected [true] but found [false],
	value is not displayed in defined tag By.xpath: //b[contains(text(),"What you'll definitely need:")]for job url 'https://company.trivago.com/?post_type=job-position&p=23234 ' expected [true] but found [false],
	value is not displayed in defined tag By.xpath: //b[contains(text(),"What we'd love you to have:")]for job url 'https://company.trivago.com/?post_type=job-position&p=23234 ' expected [true] but found [false],
	value is not displayed in defined tag By.xpath: //b[contains(text(),"What you'll do:")]for job url 'https://company.trivago.com/?post_type=job-position&p=23234 ' expected [true] but found [false],
	value is not displayed in defined tag By.xpath: //b[contains(text(),"What you'll definitely need:")]for job url 'https://company.trivago.com/?post_type=job-position&p=23233 ' expected [true] but found [false],
	value is not displayed in defined tag By.xpath: //b[contains(text(),"What we'd love you to have:")]for job url 'https://company.trivago.com/?post_type=job-position&p=23233 ' expected [true] but found [false],
	value is not displayed in defined tag By.xpath: //b[contains(text(),"What you'll do:")]for job url 'https://company.trivago.com/?post_type=job-position&p=23233 ' expected [true] but found [false],
	value is not displayed in defined tag By.xpath: //b[contains(text(),"What you'll definitely need:")]for job url 'https://company.trivago.com/?post_type=job-position&p=23231 ' expected [true] but found [false],
	value is not displayed in defined tag By.xpath: //b[contains(text(),"What we'd love you to have:")]for job url 'https://company.trivago.com/?post_type=job-position&p=23231 ' expected [true] but found [false],
	value is not displayed in defined tag By.xpath: //b[contains(text(),"What you'll do:")]for job url 'https://company.trivago.com/?post_type=job-position&p=23231 ' expected [true] but found [false],
	value is not displayed in defined tag By.xpath: //b[contains(text(),"What you'll definitely need:")]for job url 'https://company.trivago.com/?post_type=job-position&p=23230 ' expected [true] but found [false],
	value is not displayed in defined tag By.xpath: //b[contains(text(),"What we'd love you to have:")]for job url 'https://company.trivago.com/?post_type=job-position&p=23230 ' expected [true] but found [false],
	value is not displayed in defined tag By.xpath: //b[contains(text(),"What you'll do:")]for job url 'https://company.trivago.com/?post_type=job-position&p=23230 ' expected [true] but found [false],
	value is not displayed in defined tag By.xpath: //b[contains(text(),"What you'll definitely need:")]for job url 'https://company.trivago.com/?post_type=job-position&p=23229 ' expected [true] but found [false],
	value is not displayed in defined tag By.xpath: //b[contains(text(),"What we'd love you to have:")]for job url 'https://company.trivago.com/?post_type=job-position&p=23229 ' expected [true] but found [false],
	value is not displayed in defined tag By.xpath: //b[contains(text(),"What you'll do:")]for job url 'https://company.trivago.com/?post_type=job-position&p=23229 ' expected [true] but found [false],
	value is not displayed in defined tag By.xpath: //b[contains(text(),"What you'll definitely need:")]for job url 'https://company.trivago.com/?post_type=job-position&p=23228 ' expected [true] but found [false],
	value is not displayed in defined tag By.xpath: //b[contains(text(),"What we'd love you to have:")]for job url 'https://company.trivago.com/?post_type=job-position&p=23228 ' expected [true] but found [false],
	value is not displayed in defined tag By.xpath: //b[contains(text(),"What you'll do:")]for job url 'https://company.trivago.com/?post_type=job-position&p=23228 ' expected [true] but found [false],
	value is not displayed in defined tag By.xpath: //b[contains(text(),"What you'll definitely need:")]for job url 'https://company.trivago.com/?post_type=job-position&p=23224 ' expected [true] but found [false],
	value is not displayed in defined tag By.xpath: //b[contains(text(),"What we'd love you to have:")]for job url 'https://company.trivago.com/?post_type=job-position&p=23224 ' expected [true] but found [false],
	value is not displayed in defined tag By.xpath: //b[contains(text(),"What you'll do:")]for job url 'https://company.trivago.com/?post_type=job-position&p=23224 ' expected [true] but found [false],
	value is not displayed in defined tag By.xpath: //b[contains(text(),"What you'll definitely need:")]for job url 'https://company.trivago.com/?post_type=job-position&p=23221 ' expected [true] but found [false],
	value is not displayed in defined tag By.xpath: //b[contains(text(),"What we'd love you to have:")]for job url 'https://company.trivago.com/?post_type=job-position&p=23221 ' expected [true] but found [false],
	value is not displayed in defined tag By.xpath: //b[contains(text(),"What you'll definitely need:")]for job url 'https://company.trivago.com/?post_type=job-position&p=23217 ' expected [true] but found [false],
	value is not displayed in defined tag By.xpath: //b[contains(text(),"What we'd love you to have:")]for job url 'https://company.trivago.com/?post_type=job-position&p=23217 ' expected [true] but found [false],
	value is not displayed in defined tag By.xpath: //b[contains(text(),"What you'll do:")]for job url 'https://company.trivago.com/?post_type=job-position&p=23217 ' expected [true] but found [false],
	value is not displayed in defined tag By.xpath: //b[contains(text(),"What you'll definitely need:")]for job url 'https://company.trivago.com/?post_type=job-position&p=23215 ' expected [true] but found [false],
	value is not displayed in defined tag By.xpath: //b[contains(text(),"What we'd love you to have:")]for job url 'https://company.trivago.com/?post_type=job-position&p=23215 ' expected [true] but found [false],
	value is not displayed in defined tag By.xpath: //b[contains(text(),"What you'll do:")]for job url 'https://company.trivago.com/?post_type=job-position&p=23215 ' expected [true] but found [false],
	value is not displayed in defined tag By.xpath: //b[contains(text(),"What you'll definitely need:")]for job url 'https://company.trivago.com/?post_type=job-position&p=23214 ' expected [true] but found [false],
	value is not displayed in defined tag By.xpath: //b[contains(text(),"What we'd love you to have:")]for job url 'https://company.trivago.com/?post_type=job-position&p=23214 ' expected [true] but found [false],
	value is not displayed in defined tag By.xpath: //b[contains(text(),"What you'll do:")]for job url 'https://company.trivago.com/?post_type=job-position&p=23214 ' expected [true] but found [false],
	value is not displayed in defined tag By.xpath: //b[contains(text(),"What you'll definitely need:")]for job url 'https://company.trivago.com/?post_type=job-position&p=23208 ' expected [true] but found [false],
	value is not displayed in defined tag By.xpath: //b[contains(text(),"What we'd love you to have:")]for job url 'https://company.trivago.com/?post_type=job-position&p=23208 ' expected [true] but found [false],
	value is not displayed in defined tag By.xpath: //b[contains(text(),"What you'll do:")]for job url 'https://company.trivago.com/?post_type=job-position&p=23208 ' expected [true] but found [false],
	value is not displayed in defined tag By.xpath: //b[contains(text(),"What you'll definitely need:")]for job url 'https://company.trivago.com/?post_type=job-position&p=23202 ' expected [true] but found [false],
	value is not displayed in defined tag By.xpath: //b[contains(text(),"What we'd love you to have:")]for job url 'https://company.trivago.com/?post_type=job-position&p=23202 ' expected [true] but found [false],
	value is not displayed in defined tag By.xpath: //b[contains(text(),"What you'll do:")]for job url 'https://company.trivago.com/?post_type=job-position&p=23202 ' expected [true] but found [false],
	value is not displayed in defined tag By.xpath: //b[contains(text(),"What you'll definitely need:")]for job url 'https://company.trivago.com/?post_type=job-position&p=23200 ' expected [true] but found [false],
	value is not displayed in defined tag By.xpath: //b[contains(text(),"What we'd love you to have:")]for job url 'https://company.trivago.com/?post_type=job-position&p=23200 ' expected [true] but found [false],
	value is not displayed in defined tag By.xpath: //b[contains(text(),"What you'll do:")]for job url 'https://company.trivago.com/?post_type=job-position&p=23200 ' expected [true] but found [false],
	value is not displayed in defined tag By.xpath: //b[contains(text(),"What you'll definitely need:")]for job url 'https://company.trivago.com/?post_type=job-position&p=23199 ' expected [true] but found [false],
	value is not displayed in defined tag By.xpath: //b[contains(text(),"What we'd love you to have:")]for job url 'https://company.trivago.com/?post_type=job-position&p=23199 ' expected [true] but found [false],
	value is not displayed in defined tag By.xpath: //b[contains(text(),"What you'll do:")]for job url 'https://company.trivago.com/?post_type=job-position&p=23199 ' expected [true] but found [false],
	value is not displayed in defined tag By.xpath: //b[contains(text(),"What you'll definitely need:")]for job url 'https://company.trivago.com/?post_type=job-position&p=23198 ' expected [true] but found [false],
	value is not displayed in defined tag By.xpath: //b[contains(text(),"What we'd love you to have:")]for job url 'https://company.trivago.com/?post_type=job-position&p=23198 ' expected [true] but found [false],
	value is not displayed in defined tag By.xpath: //b[contains(text(),"What you'll do:")]for job url 'https://company.trivago.com/?post_type=job-position&p=23198 ' expected [true] but found [false],
	value is not displayed in defined tag By.xpath: //b[contains(text(),"What you'll definitely need:")]for job url 'https://company.trivago.com/?post_type=job-position&p=23193 ' expected [true] but found [false],
	value is not displayed in defined tag By.xpath: //b[contains(text(),"What we'd love you to have:")]for job url 'https://company.trivago.com/?post_type=job-position&p=23193 ' expected [true] but found [false],
	value is not displayed in defined tag By.xpath: //b[contains(text(),"What you'll do:")]for job url 'https://company.trivago.com/?post_type=job-position&p=23193 ' expected [true] but found [false],
	value is not displayed in defined tag By.xpath: //b[contains(text(),"What you'll definitely need:")]for job url 'https://company.trivago.com/?post_type=job-position&p=23177 ' expected [true] but found [false],
	value is not displayed in defined tag By.xpath: //b[contains(text(),"What we'd love you to have:")]for job url 'https://company.trivago.com/?post_type=job-position&p=23177 ' expected [true] but found [false],
	value is not displayed in defined tag By.xpath: //b[contains(text(),"What you'll do:")]for job url 'https://company.trivago.com/?post_type=job-position&p=23177 ' expected [true] but found [false],
	value is not displayed in defined tag By.xpath: //b[contains(text(),"What you'll definitely need:")]for job url 'https://company.trivago.com/?post_type=job-position&p=23173 ' expected [true] but found [false],
	value is not displayed in defined tag By.xpath: //b[contains(text(),"What we'd love you to have:")]for job url 'https://company.trivago.com/?post_type=job-position&p=23173 ' expected [true] but found [false],
	value is not displayed in defined tag By.xpath: //b[contains(text(),"What you'll do:")]for job url 'https://company.trivago.com/?post_type=job-position&p=23173 ' expected [true] but found [false],
	value is not displayed in defined tag By.xpath: //b[contains(text(),"What you'll definitely need:")]for job url 'https://company.trivago.com/?post_type=job-position&p=23164 ' expected [true] but found [false],
	value is not displayed in defined tag By.xpath: //b[contains(text(),"What we'd love you to have:")]for job url 'https://company.trivago.com/?post_type=job-position&p=23164 ' expected [true] but found [false],
	value is not displayed in defined tag By.xpath: //b[contains(text(),"What you'll do:")]for job url 'https://company.trivago.com/?post_type=job-position&p=23164 ' expected [true] but found [false],
	value is not displayed in defined tag By.xpath: //b[contains(text(),"What you'll definitely need:")]for job url 'https://company.trivago.com/?post_type=job-position&p=23163 ' expected [true] but found [false],
	value is not displayed in defined tag By.xpath: //b[contains(text(),"What we'd love you to have:")]for job url 'https://company.trivago.com/?post_type=job-position&p=23163 ' expected [true] but found [false],
	value is not displayed in defined tag By.xpath: //b[contains(text(),"What you'll do:")]for job url 'https://company.trivago.com/?post_type=job-position&p=23163 ' expected [true] but found [false],
	value is not displayed in defined tag By.xpath: //b[contains(text(),"What you'll definitely need:")]for job url 'https://company.trivago.com/?post_type=job-position&p=23162 ' expected [true] but found [false],
	value is not displayed in defined tag By.xpath: //b[contains(text(),"What we'd love you to have:")]for job url 'https://company.trivago.com/?post_type=job-position&p=23162 ' expected [true] but found [false],
	value is not displayed in defined tag By.xpath: //b[contains(text(),"What you'll do:")]for job url 'https://company.trivago.com/?post_type=job-position&p=23162 ' expected [true] but found [false],
	value is not displayed in defined tag By.xpath: //b[contains(text(),"What you'll definitely need:")]for job url 'https://company.trivago.com/?post_type=job-position&p=23161 ' expected [true] but found [false],
	value is not displayed in defined tag By.xpath: //b[contains(text(),"What we'd love you to have:")]for job url 'https://company.trivago.com/?post_type=job-position&p=23161 ' expected [true] but found [false],
	value is not displayed in defined tag By.xpath: //b[contains(text(),"What you'll do:")]for job url 'https://company.trivago.com/?post_type=job-position&p=23161 ' expected [true] but found [false],
	value is not displayed in defined tag By.xpath: //b[contains(text(),"What you'll definitely need:")]for job url 'https://company.trivago.com/?post_type=job-position&p=23159 ' expected [true] but found [false],
	value is not displayed in defined tag By.xpath: //b[contains(text(),"What we'd love you to have:")]for job url 'https://company.trivago.com/?post_type=job-position&p=23159 ' expected [true] but found [false],
	value is not displayed in defined tag By.xpath: //b[contains(text(),"What you'll do:")]for job url 'https://company.trivago.com/?post_type=job-position&p=23159 ' expected [true] but found [false],
	value is not displayed in defined tag By.xpath: //b[contains(text(),"What you'll definitely need:")]for job url 'https://company.trivago.com/?post_type=job-position&p=23140 ' expected [true] but found [false],
	value is not displayed in defined tag By.xpath: //b[contains(text(),"What we'd love you to have:")]for job url 'https://company.trivago.com/?post_type=job-position&p=23140 ' expected [true] but found [false],
	value is not displayed in defined tag By.xpath: //b[contains(text(),"What you'll do:")]for job url 'https://company.trivago.com/?post_type=job-position&p=23140 ' expected [true] but found [false],
	value is not displayed in defined tag By.xpath: //b[contains(text(),"What you'll definitely need:")]for job url 'https://company.trivago.com/?post_type=job-position&p=23124 ' expected [true] but found [false],
	value is not displayed in defined tag By.xpath: //b[contains(text(),"What we'd love you to have:")]for job url 'https://company.trivago.com/?post_type=job-position&p=23124 ' expected [true] but found [false],
	value is not displayed in defined tag By.xpath: //b[contains(text(),"What you'll do:")]for job url 'https://company.trivago.com/?post_type=job-position&p=23124 ' expected [true] but found [false],
	value is not displayed in defined tag By.xpath: //b[contains(text(),"What you'll definitely need:")]for job url 'https://company.trivago.com/?post_type=job-position&p=23123 ' expected [true] but found [false],
	value is not displayed in defined tag By.xpath: //b[contains(text(),"What we'd love you to have:")]for job url 'https://company.trivago.com/?post_type=job-position&p=23123 ' expected [true] but found [false],
	value is not displayed in defined tag By.xpath: //b[contains(text(),"What you'll do:")]for job url 'https://company.trivago.com/?post_type=job-position&p=23123 ' expected [true] but found [false],
	value is not displayed in defined tag By.xpath: //b[contains(text(),"What you'll definitely need:")]for job url 'https://company.trivago.com/?post_type=job-position&p=23097 ' expected [true] but found [false],
	value is not displayed in defined tag By.xpath: //b[contains(text(),"What we'd love you to have:")]for job url 'https://company.trivago.com/?post_type=job-position&p=23097 ' expected [true] but found [false],
	value is not displayed in defined tag By.xpath: //b[contains(text(),"What you'll do:")]for job url 'https://company.trivago.com/?post_type=job-position&p=23097 ' expected [true] but found [false],
	value is not displayed in defined tag By.xpath: //b[contains(text(),"What you'll definitely need:")]for job url 'https://company.trivago.com/?post_type=job-position&p=23095 ' expected [true] but found [false],
	value is not displayed in defined tag By.xpath: //b[contains(text(),"What we'd love you to have:")]for job url 'https://company.trivago.com/?post_type=job-position&p=23095 ' expected [true] but found [false],
	value is not displayed in defined tag By.xpath: //b[contains(text(),"What you'll do:")]for job url 'https://company.trivago.com/?post_type=job-position&p=23095 ' expected [true] but found [false],
	value is not displayed in defined tag By.xpath: //b[contains(text(),"What you'll definitely need:")]for job url 'https://company.trivago.com/?post_type=job-position&p=23094 ' expected [true] but found [false],
	value is not displayed in defined tag By.xpath: //b[contains(text(),"What we'd love you to have:")]for job url 'https://company.trivago.com/?post_type=job-position&p=23094 ' expected [true] but found [false],
	value is not displayed in defined tag By.xpath: //b[contains(text(),"What you'll do:")]for job url 'https://company.trivago.com/?post_type=job-position&p=23094 ' expected [true] but found [false],
	value is not displayed in defined tag By.xpath: //b[contains(text(),"What you'll definitely need:")]for job url 'https://company.trivago.com/?post_type=job-position&p=23080 ' expected [true] but found [false],
	value is not displayed in defined tag By.xpath: //b[contains(text(),"What we'd love you to have:")]for job url 'https://company.trivago.com/?post_type=job-position&p=23080 ' expected [true] but found [false],
	value is not displayed in defined tag By.xpath: //b[contains(text(),"What you'll do:")]for job url 'https://company.trivago.com/?post_type=job-position&p=23080 ' expected [true] but found [false],
	value is not displayed in defined tag By.xpath: //b[contains(text(),"What you'll definitely need:")]for job url 'https://company.trivago.com/?post_type=job-position&p=23079 ' expected [true] but found [false],
	value is not displayed in defined tag By.xpath: //b[contains(text(),"What we'd love you to have:")]for job url 'https://company.trivago.com/?post_type=job-position&p=23079 ' expected [true] but found [false],
	value is not displayed in defined tag By.xpath: //b[contains(text(),"What you'll do:")]for job url 'https://company.trivago.com/?post_type=job-position&p=23079 ' expected [true] but found [false],
	value is not displayed in defined tag By.xpath: //b[contains(text(),"What you'll definitely need:")]for job url 'https://company.trivago.com/?post_type=job-position&p=23064 ' expected [true] but found [false],
	value is not displayed in defined tag By.xpath: //b[contains(text(),"What we'd love you to have:")]for job url 'https://company.trivago.com/?post_type=job-position&p=23064 ' expected [true] but found [false],
	value is not displayed in defined tag By.xpath: //b[contains(text(),"What you'll do:")]for job url 'https://company.trivago.com/?post_type=job-position&p=23064 ' expected [true] but found [false],
	value is not displayed in defined tag By.xpath: //b[contains(text(),"What you'll definitely need:")]for job url 'https://company.trivago.com/?post_type=job-position&p=23058 ' expected [true] but found [false],
	value is not displayed in defined tag By.xpath: //b[contains(text(),"What we'd love you to have:")]for job url 'https://company.trivago.com/?post_type=job-position&p=23058 ' expected [true] but found [false],
	value is not displayed in defined tag By.xpath: //b[contains(text(),"What you'll do:")]for job url 'https://company.trivago.com/?post_type=job-position&p=23058 ' expected [true] but found [false],
	value is not displayed in defined tag By.xpath: //b[contains(text(),"What you'll definitely need:")]for job url 'https://company.trivago.com/?post_type=job-position&p=23057 ' expected [true] but found [false],
	value is not displayed in defined tag By.xpath: //b[contains(text(),"What we'd love you to have:")]for job url 'https://company.trivago.com/?post_type=job-position&p=23057 ' expected [true] but found [false],
	value is not displayed in defined tag By.xpath: //b[contains(text(),"What you'll do:")]for job url 'https://company.trivago.com/?post_type=job-position&p=23057 ' expected [true] but found [false],
	value is not displayed in defined tag By.xpath: //b[contains(text(),"What you'll definitely need:")]for job url 'https://company.trivago.com/?post_type=job-position&p=23055 ' expected [true] but found [false],
	value is not displayed in defined tag By.xpath: //b[contains(text(),"What we'd love you to have:")]for job url 'https://company.trivago.com/?post_type=job-position&p=23055 ' expected [true] but found [false],
	value is not displayed in defined tag By.xpath: //b[contains(text(),"What you'll do:")]for job url 'https://company.trivago.com/?post_type=job-position&p=23055 ' expected [true] but found [false],
	value is not displayed in defined tag By.xpath: //b[contains(text(),"What you'll definitely need:")]for job url 'https://company.trivago.com/?post_type=job-position&p=23050 ' expected [true] but found [false],
	value is not displayed in defined tag By.xpath: //b[contains(text(),"What we'd love you to have:")]for job url 'https://company.trivago.com/?post_type=job-position&p=23050 ' expected [true] but found [false],
	value is not displayed in defined tag By.xpath: //b[contains(text(),"What you'll do:")]for job url 'https://company.trivago.com/?post_type=job-position&p=23050 ' expected [true] but found [false],
	value is not displayed in defined tag By.xpath: //b[contains(text(),"What you'll definitely need:")]for job url 'https://company.trivago.com/?post_type=job-position&p=23049 ' expected [true] but found [false],
	value is not displayed in defined tag By.xpath: //b[contains(text(),"What we'd love you to have:")]for job url 'https://company.trivago.com/?post_type=job-position&p=23049 ' expected [true] but found [false],
	value is not displayed in defined tag By.xpath: //b[contains(text(),"What you'll do:")]for job url 'https://company.trivago.com/?post_type=job-position&p=23049 ' expected [true] but found [false],
	value is not displayed in defined tag By.xpath: //b[contains(text(),"What you'll definitely need:")]for job url 'https://company.trivago.com/?post_type=job-position&p=23032 ' expected [true] but found [false],
	value is not displayed in defined tag By.xpath: //b[contains(text(),"What we'd love you to have:")]for job url 'https://company.trivago.com/?post_type=job-position&p=23032 ' expected [true] but found [false],
	value is not displayed in defined tag By.xpath: //b[contains(text(),"What you'll do:")]for job url 'https://company.trivago.com/?post_type=job-position&p=23032 ' expected [true] but found [false],
	value is not displayed in defined tag By.xpath: //b[contains(text(),"What you'll definitely need:")]for job url 'https://company.trivago.com/?post_type=job-position&p=23027 ' expected [true] but found [false],
	value is not displayed in defined tag By.xpath: //b[contains(text(),"What we'd love you to have:")]for job url 'https://company.trivago.com/?post_type=job-position&p=23027 ' expected [true] but found [false],
	value is not displayed in defined tag By.xpath: //b[contains(text(),"What you'll do:")]for job url 'https://company.trivago.com/?post_type=job-position&p=23027 ' expected [true] but found [false],
	value is not displayed in defined tag By.xpath: //b[contains(text(),"What you'll definitely need:")]for job url 'https://company.trivago.com/?post_type=job-position&p=23016 ' expected [true] but found [false],
	value is not displayed in defined tag By.xpath: //b[contains(text(),"What we'd love you to have:")]for job url 'https://company.trivago.com/?post_type=job-position&p=23016 ' expected [true] but found [false],
	value is not displayed in defined tag By.xpath: //b[contains(text(),"What you'll do:")]for job url 'https://company.trivago.com/?post_type=job-position&p=23016 ' expected [true] but found [false],
	value is not displayed in defined tag By.xpath: //b[contains(text(),"What you'll definitely need:")]for job url 'https://company.trivago.com/?post_type=job-position&p=23011 ' expected [true] but found [false],
	value is not displayed in defined tag By.xpath: //b[contains(text(),"What we'd love you to have:")]for job url 'https://company.trivago.com/?post_type=job-position&p=23011 ' expected [true] but found [false],
	value is not displayed in defined tag By.xpath: //b[contains(text(),"What you'll do:")]for job url 'https://company.trivago.com/?post_type=job-position&p=23011 ' expected [true] but found [false],
	value is not displayed in defined tag By.xpath: //b[contains(text(),"What you'll definitely need:")]for job url 'https://company.trivago.com/?post_type=job-position&p=23010 ' expected [true] but found [false],
	value is not displayed in defined tag By.xpath: //b[contains(text(),"What we'd love you to have:")]for job url 'https://company.trivago.com/?post_type=job-position&p=23010 ' expected [true] but found [false],
	value is not displayed in defined tag By.xpath: //b[contains(text(),"What you'll do:")]for job url 'https://company.trivago.com/?post_type=job-position&p=23010 ' expected [true] but found [false],
	value is not displayed in defined tag By.xpath: //b[contains(text(),"What you'll definitely need:")]for job url 'https://company.trivago.com/?post_type=job-position&p=22996 ' expected [true] but found [false],
	value is not displayed in defined tag By.xpath: //b[contains(text(),"What we'd love you to have:")]for job url 'https://company.trivago.com/?post_type=job-position&p=22996 ' expected [true] but found [false],
	value is not displayed in defined tag By.xpath: //b[contains(text(),"What you'll do:")]for job url 'https://company.trivago.com/?post_type=job-position&p=22996 ' expected [true] but found [false],
	value is not displayed in defined tag By.xpath: //b[contains(text(),"What you'll definitely need:")]for job url 'https://company.trivago.com/?post_type=job-position&p=22948 ' expected [true] but found [false],
	value is not displayed in defined tag By.xpath: //b[contains(text(),"What we'd love you to have:")]for job url 'https://company.trivago.com/?post_type=job-position&p=22948 ' expected [true] but found [false],
	value is not displayed in defined tag By.xpath: //b[contains(text(),"What you'll do:")]for job url 'https://company.trivago.com/?post_type=job-position&p=22948 ' expected [true] but found [false],
	value is not displayed in defined tag By.xpath: //b[contains(text(),"What you'll definitely need:")]for job url 'https://company.trivago.com/?post_type=job-position&p=22905 ' expected [true] but found [false],
	value is not displayed in defined tag By.xpath: //b[contains(text(),"What we'd love you to have:")]for job url 'https://company.trivago.com/?post_type=job-position&p=22905 ' expected [true] but found [false],
	value is not displayed in defined tag By.xpath: //b[contains(text(),"What you'll do:")]for job url 'https://company.trivago.com/?post_type=job-position&p=22905 ' expected [true] but found [false],
	value is not displayed in defined tag By.xpath: //b[contains(text(),"What you'll definitely need:")]for job url 'https://company.trivago.com/?post_type=job-position&p=22904 ' expected [true] but found [false],
	value is not displayed in defined tag By.xpath: //b[contains(text(),"What we'd love you to have:")]for job url 'https://company.trivago.com/?post_type=job-position&p=22904 ' expected [true] but found [false],
	value is not displayed in defined tag By.xpath: //b[contains(text(),"What you'll do:")]for job url 'https://company.trivago.com/?post_type=job-position&p=22904 ' expected [true] but found [false],
	value is not displayed in defined tag By.xpath: //b[contains(text(),"What you'll definitely need:")]for job url 'https://company.trivago.com/?post_type=job-position&p=22364 ' expected [true] but found [false],
	value is not displayed in defined tag By.xpath: //b[contains(text(),"What we'd love you to have:")]for job url 'https://company.trivago.com/?post_type=job-position&p=22364 ' expected [true] but found [false],
	value is not displayed in defined tag By.xpath: //b[contains(text(),"What you'll do:")]for job url 'https://company.trivago.com/?post_type=job-position&p=22364 ' expected [true] but found [false],
	value is not displayed in defined tag By.xpath: //b[contains(text(),"What you'll definitely need:")]for job url 'https://company.trivago.com/?post_type=job-position&p=23302 ' expected [true] but found [false],
	value is not displayed in defined tag By.xpath: //b[contains(text(),"What you'll do:")]for job url 'https://company.trivago.com/?post_type=job-position&p=23302 ' expected [true] but found [false],
	value is not displayed in defined tag By.xpath: //b[contains(text(),"What you'll definitely need:")]for job url 'https://company.trivago.com/?post_type=job-position&p=23307 ' expected [true] but found [false],
	value is not displayed in defined tag By.xpath: //b[contains(text(),"What we'd love you to have:")]for job url 'https://company.trivago.com/?post_type=job-position&p=23307 ' expected [true] but found [false],
	value is not displayed in defined tag By.xpath: //b[contains(text(),"What you'll do:")]for job url 'https://company.trivago.com/?post_type=job-position&p=23307 ' expected [true] but found [false],
	value is not displayed in defined tag By.xpath: //b[contains(text(),"What you'll definitely need:")]for job url 'https://company.trivago.com/?post_type=job-position&p=23303 ' expected [true] but found [false],
	value is not displayed in defined tag By.xpath: //b[contains(text(),"What you'll do:")]for job url 'https://company.trivago.com/?post_type=job-position&p=23303 ' expected [true] but found [false],
	value is not displayed in defined tag By.xpath: //b[contains(text(),"What you'll definitely need:")]for job url 'https://company.trivago.com/?post_type=job-position&p=23301 ' expected [true] but found [false],
	value is not displayed in defined tag By.xpath: //b[contains(text(),"What we'd love you to have:")]for job url 'https://company.trivago.com/?post_type=job-position&p=23301 ' expected [true] but found [false],
	value is not displayed in defined tag By.xpath: //b[contains(text(),"What you'll do:")]for job url 'https://company.trivago.com/?post_type=job-position&p=23301 ' expected [true] but found [false],
	value is not displayed in defined tag By.xpath: //b[contains(text(),"What you'll definitely need:")]for job url 'https://company.trivago.com/?post_type=job-position&p=23300 ' expected [true] but found [false],
	value is not displayed in defined tag By.xpath: //b[contains(text(),"What we'd love you to have:")]for job url 'https://company.trivago.com/?post_type=job-position&p=23300 ' expected [true] but found [false],
	value is not displayed in defined tag By.xpath: //b[contains(text(),"What you'll definitely need:")]for job url 'https://company.trivago.com/?post_type=job-position&p=23299 ' expected [true] but found [false],
	value is not displayed in defined tag By.xpath: //b[contains(text(),"What we'd love you to have:")]for job url 'https://company.trivago.com/?post_type=job-position&p=23299 ' expected [true] but found [false],
	value is not displayed in defined tag By.xpath: //b[contains(text(),"What you'll do:")]for job url 'https://company.trivago.com/?post_type=job-position&p=23299 ' expected [true] but found [false],
	value is not displayed in defined tag By.xpath: //b[contains(text(),"What you'll definitely need:")]for job url 'https://company.trivago.com/?post_type=job-position&p=23293 ' expected [true] but found [false],
	value is not displayed in defined tag By.xpath: //b[contains(text(),"What we'd love you to have:")]for job url 'https://company.trivago.com/?post_type=job-position&p=23293 ' expected [true] but found [false],
	value is not displayed in defined tag By.xpath: //b[contains(text(),"What you'll do:")]for job url 'https://company.trivago.com/?post_type=job-position&p=23293 ' expected [true] but found [false],
	value is not displayed in defined tag By.xpath: //b[contains(text(),"What you'll definitely need:")]for job url 'https://company.trivago.com/?post_type=job-position&p=23290 ' expected [true] but found [false],
	value is not displayed in defined tag By.xpath: //b[contains(text(),"What we'd love you to have:")]for job url 'https://company.trivago.com/?post_type=job-position&p=23290 ' expected [true] but found [false],
	value is not displayed in defined tag By.xpath: //b[contains(text(),"What you'll do:")]for job url 'https://company.trivago.com/?post_type=job-position&p=23290 ' expected [true] but found [false],
	value is not displayed in defined tag By.xpath: //b[contains(text(),"What you'll definitely need:")]for job url 'https://company.trivago.com/?post_type=job-position&p=23287 ' expected [true] but found [false],
	value is not displayed in defined tag By.xpath: //b[contains(text(),"What we'd love you to have:")]for job url 'https://company.trivago.com/?post_type=job-position&p=23287 ' expected [true] but found [false],
	value is not displayed in defined tag By.xpath: //b[contains(text(),"What you'll do:")]for job url 'https://company.trivago.com/?post_type=job-position&p=23287 ' expected [true] but found [false],
	value is not displayed in defined tag By.xpath: //b[contains(text(),"What you'll definitely need:")]for job url 'https://company.trivago.com/?post_type=job-position&p=23283 ' expected [true] but found [false],
	value is not displayed in defined tag By.xpath: //b[contains(text(),"What we'd love you to have:")]for job url 'https://company.trivago.com/?post_type=job-position&p=23283 ' expected [true] but found [false],
	value is not displayed in defined tag By.xpath: //b[contains(text(),"What you'll definitely need:")]for job url 'https://company.trivago.com/?post_type=job-position&p=23279 ' expected [true] but found [false],
	value is not displayed in defined tag By.xpath: //b[contains(text(),"What we'd love you to have:")]for job url 'https://company.trivago.com/?post_type=job-position&p=23279 ' expected [true] but found [false],
	value is not displayed in defined tag By.xpath: //b[contains(text(),"What you'll do:")]for job url 'https://company.trivago.com/?post_type=job-position&p=23279 ' expected [true] but found [false],
	value is not displayed in defined tag By.xpath: //b[contains(text(),"What you'll definitely need:")]for job url 'https://company.trivago.com/?post_type=job-position&p=23269 ' expected [true] but found [false],
	value is not displayed in defined tag By.xpath: //b[contains(text(),"What we'd love you to have:")]for job url 'https://company.trivago.com/?post_type=job-position&p=23269 ' expected [true] but found [false],
	value is not displayed in defined tag By.xpath: //b[contains(text(),"What you'll do:")]for job url 'https://company.trivago.com/?post_type=job-position&p=23269 ' expected [true] but found [false],
	value is not displayed in defined tag By.xpath: //b[contains(text(),"What you'll definitely need:")]for job url 'https://company.trivago.com/?post_type=job-position&p=23259 ' expected [true] but found [false],
	value is not displayed in defined tag By.xpath: //b[contains(text(),"What you'll definitely need:")]for job url 'https://company.trivago.com/?post_type=job-position&p=23258 ' expected [true] but found [false],
	value is not displayed in defined tag By.xpath: //b[contains(text(),"What you'll do:")]for job url 'https://company.trivago.com/?post_type=job-position&p=23258 ' expected [true] but found [false],
	value is not displayed in defined tag By.xpath: //b[contains(text(),"What you'll definitely need:")]for job url 'https://company.trivago.com/?post_type=job-position&p=23252 ' expected [true] but found [false],
	value is not displayed in defined tag By.xpath: //b[contains(text(),"What you'll do:")]for job url 'https://company.trivago.com/?post_type=job-position&p=23252 ' expected [true] but found [false],
	value is not displayed in defined tag By.xpath: //b[contains(text(),"What you'll definitely need:")]for job url 'https://company.trivago.com/?post_type=job-position&p=23251 ' expected [true] but found [false],
	value is not displayed in defined tag By.xpath: //b[contains(text(),"What we'd love you to have:")]for job url 'https://company.trivago.com/?post_type=job-position&p=23251 ' expected [true] but found [false],
	value is not displayed in defined tag By.xpath: //b[contains(text(),"What you'll do:")]for job url 'https://company.trivago.com/?post_type=job-position&p=23251 ' expected [true] but found [false],
	value is not displayed in defined tag By.xpath: //b[contains(text(),"What you'll definitely need:")]for job url 'https://company.trivago.com/?post_type=job-position&p=23250 ' expected [true] but found [false],
	value is not displayed in defined tag By.xpath: //b[contains(text(),"What we'd love you to have:")]for job url 'https://company.trivago.com/?post_type=job-position&p=23250 ' expected [true] but found [false],
	value is not displayed in defined tag By.xpath: //b[contains(text(),"What you'll do:")]for job url 'https://company.trivago.com/?post_type=job-position&p=23250 ' expected [true] but found [false],
	value is not displayed in defined tag By.xpath: //b[contains(text(),"What you'll do:")]for job url 'https://company.trivago.com/?post_type=job-position&p=23249 ' expected [true] but found [false],
	value is not displayed in defined tag By.xpath: //b[contains(text(),"What you'll definitely need:")]for job url 'https://company.trivago.com/?post_type=job-position&p=23248 ' expected [true] but found [false],
	value is not displayed in defined tag By.xpath: //b[contains(text(),"What we'd love you to have:")]for job url 'https://company.trivago.com/?post_type=job-position&p=23248 ' expected [true] but found [false],
	value is not displayed in defined tag By.xpath: //b[contains(text(),"What you'll do:")]for job url 'https://company.trivago.com/?post_type=job-position&p=23248 ' expected [true] but found [false],
	value is not displayed in defined tag By.xpath: //b[contains(text(),"What you'll definitely need:")]for job url 'https://company.trivago.com/?post_type=job-position&p=23247 ' expected [true] but found [false],
	value is not displayed in defined tag By.xpath: //b[contains(text(),"What we'd love you to have:")]for job url 'https://company.trivago.com/?post_type=job-position&p=23247 ' expected [true] but found [false],
	value is not displayed in defined tag By.xpath: //b[contains(text(),"What you'll do:")]for job url 'https://company.trivago.com/?post_type=job-position&p=23247 ' expected [true] but found [false],
	value is not displayed in defined tag By.xpath: //b[contains(text(),"What you'll definitely need:")]for job url 'https://company.trivago.com/?post_type=job-position&p=23246 ' expected [true] but found [false],
	value is not displayed in defined tag By.xpath: //b[contains(text(),"What we'd love you to have:")]for job url 'https://company.trivago.com/?post_type=job-position&p=23246 ' expected [true] but found [false],
	value is not displayed in defined tag By.xpath: //b[contains(text(),"What you'll do:")]for job url 'https://company.trivago.com/?post_type=job-position&p=23246 ' expected [true] but found [false],
	value is not displayed in defined tag By.xpath: //b[contains(text(),"What you'll definitely need:")]for job url 'https://company.trivago.com/?post_type=job-position&p=23235 ' expected [true] but found [false],
	value is not displayed in defined tag By.xpath: //b[contains(text(),"What we'd love you to have:")]for job url 'https://company.trivago.com/?post_type=job-position&p=23235 ' expected [true] but found [false],
	value is not displayed in defined tag By.xpath: //b[contains(text(),"What you'll do:")]for job url 'https://company.trivago.com/?post_type=job-position&p=23235 ' expected [true] but found [false],
	value is not displayed in defined tag By.xpath: //b[contains(text(),"What you'll definitely need:")]for job url 'https://company.trivago.com/?post_type=job-position&p=23234 ' expected [true] but found [false],
	value is not displayed in defined tag By.xpath: //b[contains(text(),"What we'd love you to have:")]for job url 'https://company.trivago.com/?post_type=job-position&p=23234 ' expected [true] but found [false],
	value is not displayed in defined tag By.xpath: //b[contains(text(),"What you'll do:")]for job url 'https://company.trivago.com/?post_type=job-position&p=23234 ' expected [true] but found [false],
	value is not displayed in defined tag By.xpath: //b[contains(text(),"What you'll definitely need:")]for job url 'https://company.trivago.com/?post_type=job-position&p=23233 ' expected [true] but found [false],
	value is not displayed in defined tag By.xpath: //b[contains(text(),"What we'd love you to have:")]for job url 'https://company.trivago.com/?post_type=job-position&p=23233 ' expected [true] but found [false],
	value is not displayed in defined tag By.xpath: //b[contains(text(),"What you'll do:")]for job url 'https://company.trivago.com/?post_type=job-position&p=23233 ' expected [true] but found [false],
	value is not displayed in defined tag By.xpath: //b[contains(text(),"What you'll definitely need:")]for job url 'https://company.trivago.com/?post_type=job-position&p=23231 ' expected [true] but found [false],
	value is not displayed in defined tag By.xpath: //b[contains(text(),"What we'd love you to have:")]for job url 'https://company.trivago.com/?post_type=job-position&p=23231 ' expected [true] but found [false],
	value is not displayed in defined tag By.xpath: //b[contains(text(),"What you'll do:")]for job url 'https://company.trivago.com/?post_type=job-position&p=23231 ' expected [true] but found [false],
	value is not displayed in defined tag By.xpath: //b[contains(text(),"What you'll definitely need:")]for job url 'https://company.trivago.com/?post_type=job-position&p=23230 ' expected [true] but found [false],
	value is not displayed in defined tag By.xpath: //b[contains(text(),"What we'd love you to have:")]for job url 'https://company.trivago.com/?post_type=job-position&p=23230 ' expected [true] but found [false],
	value is not displayed in defined tag By.xpath: //b[contains(text(),"What you'll do:")]for job url 'https://company.trivago.com/?post_type=job-position&p=23230 ' expected [true] but found [false],
	value is not displayed in defined tag By.xpath: //b[contains(text(),"What you'll definitely need:")]for job url 'https://company.trivago.com/?post_type=job-position&p=23229 ' expected [true] but found [false],
	value is not displayed in defined tag By.xpath: //b[contains(text(),"What we'd love you to have:")]for job url 'https://company.trivago.com/?post_type=job-position&p=23229 ' expected [true] but found [false],
	value is not displayed in defined tag By.xpath: //b[contains(text(),"What you'll do:")]for job url 'https://company.trivago.com/?post_type=job-position&p=23229 ' expected [true] but found [false],
	value is not displayed in defined tag By.xpath: //b[contains(text(),"What you'll definitely need:")]for job url 'https://company.trivago.com/?post_type=job-position&p=23228 ' expected [true] but found [false],
	value is not displayed in defined tag By.xpath: //b[contains(text(),"What we'd love you to have:")]for job url 'https://company.trivago.com/?post_type=job-position&p=23228 ' expected [true] but found [false],
	value is not displayed in defined tag By.xpath: //b[contains(text(),"What you'll do:")]for job url 'https://company.trivago.com/?post_type=job-position&p=23228 ' expected [true] but found [false],
	value is not displayed in defined tag By.xpath: //b[contains(text(),"What you'll definitely need:")]for job url 'https://company.trivago.com/?post_type=job-position&p=23224 ' expected [true] but found [false],
	value is not displayed in defined tag By.xpath: //b[contains(text(),"What we'd love you to have:")]for job url 'https://company.trivago.com/?post_type=job-position&p=23224 ' expected [true] but found [false],
	value is not displayed in defined tag By.xpath: //b[contains(text(),"What you'll do:")]for job url 'https://company.trivago.com/?post_type=job-position&p=23224 ' expected [true] but found [false],
	value is not displayed in defined tag By.xpath: //b[contains(text(),"What you'll definitely need:")]for job url 'https://company.trivago.com/?post_type=job-position&p=23221 ' expected [true] but found [false],
	value is not displayed in defined tag By.xpath: //b[contains(text(),"What we'd love you to have:")]for job url 'https://company.trivago.com/?post_type=job-position&p=23221 ' expected [true] but found [false],
	value is not displayed in defined tag By.xpath: //b[contains(text(),"What you'll definitely need:")]for job url 'https://company.trivago.com/?post_type=job-position&p=23217 ' expected [true] but found [false],
	value is not displayed in defined tag By.xpath: //b[contains(text(),"What we'd love you to have:")]for job url 'https://company.trivago.com/?post_type=job-position&p=23217 ' expected [true] but found [false],
	value is not displayed in defined tag By.xpath: //b[contains(text(),"What you'll do:")]for job url 'https://company.trivago.com/?post_type=job-position&p=23217 ' expected [true] but found [false],
	value is not displayed in defined tag By.xpath: //b[contains(text(),"What you'll definitely need:")]for job url 'https://company.trivago.com/?post_type=job-position&p=23215 ' expected [true] but found [false],
	value is not displayed in defined tag By.xpath: //b[contains(text(),"What we'd love you to have:")]for job url 'https://company.trivago.com/?post_type=job-position&p=23215 ' expected [true] but found [false],
	value is not displayed in defined tag By.xpath: //b[contains(text(),"What you'll do:")]for job url 'https://company.trivago.com/?post_type=job-position&p=23215 ' expected [true] but found [false],
	value is not displayed in defined tag By.xpath: //b[contains(text(),"What you'll definitely need:")]for job url 'https://company.trivago.com/?post_type=job-position&p=23214 ' expected [true] but found [false],
	value is not displayed in defined tag By.xpath: //b[contains(text(),"What we'd love you to have:")]for job url 'https://company.trivago.com/?post_type=job-position&p=23214 ' expected [true] but found [false],
	value is not displayed in defined tag By.xpath: //b[contains(text(),"What you'll do:")]for job url 'https://company.trivago.com/?post_type=job-position&p=23214 ' expected [true] but found [false],
	value is not displayed in defined tag By.xpath: //b[contains(text(),"What you'll definitely need:")]for job url 'https://company.trivago.com/?post_type=job-position&p=23208 ' expected [true] but found [false],
	value is not displayed in defined tag By.xpath: //b[contains(text(),"What we'd love you to have:")]for job url 'https://company.trivago.com/?post_type=job-position&p=23208 ' expected [true] but found [false],
	value is not displayed in defined tag By.xpath: //b[contains(text(),"What you'll do:")]for job url 'https://company.trivago.com/?post_type=job-position&p=23208 ' expected [true] but found [false],
	value is not displayed in defined tag By.xpath: //b[contains(text(),"What you'll definitely need:")]for job url 'https://company.trivago.com/?post_type=job-position&p=23202 ' expected [true] but found [false],
	value is not displayed in defined tag By.xpath: //b[contains(text(),"What we'd love you to have:")]for job url 'https://company.trivago.com/?post_type=job-position&p=23202 ' expected [true] but found [false],
	value is not displayed in defined tag By.xpath: //b[contains(text(),"What you'll do:")]for job url 'https://company.trivago.com/?post_type=job-position&p=23202 ' expected [true] but found [false],
	value is not displayed in defined tag By.xpath: //b[contains(text(),"What you'll definitely need:")]for job url 'https://company.trivago.com/?post_type=job-position&p=23200 ' expected [true] but found [false],
	value is not displayed in defined tag By.xpath: //b[contains(text(),"What we'd love you to have:")]for job url 'https://company.trivago.com/?post_type=job-position&p=23200 ' expected [true] but found [false],
	value is not displayed in defined tag By.xpath: //b[contains(text(),"What you'll do:")]for job url 'https://company.trivago.com/?post_type=job-position&p=23200 ' expected [true] but found [false],
	value is not displayed in defined tag By.xpath: //b[contains(text(),"What you'll definitely need:")]for job url 'https://company.trivago.com/?post_type=job-position&p=23199 ' expected [true] but found [false],
	value is not displayed in defined tag By.xpath: //b[contains(text(),"What we'd love you to have:")]for job url 'https://company.trivago.com/?post_type=job-position&p=23199 ' expected [true] but found [false],
	value is not displayed in defined tag By.xpath: //b[contains(text(),"What you'll do:")]for job url 'https://company.trivago.com/?post_type=job-position&p=23199 ' expected [true] but found [false],
	value is not displayed in defined tag By.xpath: //b[contains(text(),"What you'll definitely need:")]for job url 'https://company.trivago.com/?post_type=job-position&p=23198 ' expected [true] but found [false],
	value is not displayed in defined tag By.xpath: //b[contains(text(),"What we'd love you to have:")]for job url 'https://company.trivago.com/?post_type=job-position&p=23198 ' expected [true] but found [false],
	value is not displayed in defined tag By.xpath: //b[contains(text(),"What you'll do:")]for job url 'https://company.trivago.com/?post_type=job-position&p=23198 ' expected [true] but found [false],
	value is not displayed in defined tag By.xpath: //b[contains(text(),"What you'll definitely need:")]for job url 'https://company.trivago.com/?post_type=job-position&p=23193 ' expected [true] but found [false],
	value is not displayed in defined tag By.xpath: //b[contains(text(),"What we'd love you to have:")]for job url 'https://company.trivago.com/?post_type=job-position&p=23193 ' expected [true] but found [false],
	value is not displayed in defined tag By.xpath: //b[contains(text(),"What you'll do:")]for job url 'https://company.trivago.com/?post_type=job-position&p=23193 ' expected [true] but found [false],
	value is not displayed in defined tag By.xpath: //b[contains(text(),"What you'll definitely need:")]for job url 'https://company.trivago.com/?post_type=job-position&p=23177 ' expected [true] but found [false],
	value is not displayed in defined tag By.xpath: //b[contains(text(),"What we'd love you to have:")]for job url 'https://company.trivago.com/?post_type=job-position&p=23177 ' expected [true] but found [false],
	value is not displayed in defined tag By.xpath: //b[contains(text(),"What you'll do:")]for job url 'https://company.trivago.com/?post_type=job-position&p=23177 ' expected [true] but found [false],
	value is not displayed in defined tag By.xpath: //b[contains(text(),"What you'll definitely need:")]for job url 'https://company.trivago.com/?post_type=job-position&p=23173 ' expected [true] but found [false],
	value is not displayed in defined tag By.xpath: //b[contains(text(),"What we'd love you to have:")]for job url 'https://company.trivago.com/?post_type=job-position&p=23173 ' expected [true] but found [false],
	value is not displayed in defined tag By.xpath: //b[contains(text(),"What you'll do:")]for job url 'https://company.trivago.com/?post_type=job-position&p=23173 ' expected [true] but found [false],
	value is not displayed in defined tag By.xpath: //b[contains(text(),"What you'll definitely need:")]for job url 'https://company.trivago.com/?post_type=job-position&p=23164 ' expected [true] but found [false],
	value is not displayed in defined tag By.xpath: //b[contains(text(),"What we'd love you to have:")]for job url 'https://company.trivago.com/?post_type=job-position&p=23164 ' expected [true] but found [false],
	value is not displayed in defined tag By.xpath: //b[contains(text(),"What you'll do:")]for job url 'https://company.trivago.com/?post_type=job-position&p=23164 ' expected [true] but found [false],
	value is not displayed in defined tag By.xpath: //b[contains(text(),"What you'll definitely need:")]for job url 'https://company.trivago.com/?post_type=job-position&p=23163 ' expected [true] but found [false],
	value is not displayed in defined tag By.xpath: //b[contains(text(),"What we'd love you to have:")]for job url 'https://company.trivago.com/?post_type=job-position&p=23163 ' expected [true] but found [false],
	value is not displayed in defined tag By.xpath: //b[contains(text(),"What you'll do:")]for job url 'https://company.trivago.com/?post_type=job-position&p=23163 ' expected [true] but found [false],
	value is not displayed in defined tag By.xpath: //b[contains(text(),"What you'll definitely need:")]for job url 'https://company.trivago.com/?post_type=job-position&p=23162 ' expected [true] but found [false],
	value is not displayed in defined tag By.xpath: //b[contains(text(),"What we'd love you to have:")]for job url 'https://company.trivago.com/?post_type=job-position&p=23162 ' expected [true] but found [false],
	value is not displayed in defined tag By.xpath: //b[contains(text(),"What you'll do:")]for job url 'https://company.trivago.com/?post_type=job-position&p=23162 ' expected [true] but found [false],
	value is not displayed in defined tag By.xpath: //b[contains(text(),"What you'll definitely need:")]for job url 'https://company.trivago.com/?post_type=job-position&p=23161 ' expected [true] but found [false],
	value is not displayed in defined tag By.xpath: //b[contains(text(),"What we'd love you to have:")]for job url 'https://company.trivago.com/?post_type=job-position&p=23161 ' expected [true] but found [false],
	value is not displayed in defined tag By.xpath: //b[contains(text(),"What you'll do:")]for job url 'https://company.trivago.com/?post_type=job-position&p=23161 ' expected [true] but found [false],
	value is not displayed in defined tag By.xpath: //b[contains(text(),"What you'll definitely need:")]for job url 'https://company.trivago.com/?post_type=job-position&p=23159 ' expected [true] but found [false],
	value is not displayed in defined tag By.xpath: //b[contains(text(),"What we'd love you to have:")]for job url 'https://company.trivago.com/?post_type=job-position&p=23159 ' expected [true] but found [false],
	value is not displayed in defined tag By.xpath: //b[contains(text(),"What you'll do:")]for job url 'https://company.trivago.com/?post_type=job-position&p=23159 ' expected [true] but found [false],
	value is not displayed in defined tag By.xpath: //b[contains(text(),"What you'll definitely need:")]for job url 'https://company.trivago.com/?post_type=job-position&p=23140 ' expected [true] but found [false],
	value is not displayed in defined tag By.xpath: //b[contains(text(),"What we'd love you to have:")]for job url 'https://company.trivago.com/?post_type=job-position&p=23140 ' expected [true] but found [false],
	value is not displayed in defined tag By.xpath: //b[contains(text(),"What you'll do:")]for job url 'https://company.trivago.com/?post_type=job-position&p=23140 ' expected [true] but found [false],
	value is not displayed in defined tag By.xpath: //b[contains(text(),"What you'll definitely need:")]for job url 'https://company.trivago.com/?post_type=job-position&p=23124 ' expected [true] but found [false],
	value is not displayed in defined tag By.xpath: //b[contains(text(),"What we'd love you to have:")]for job url 'https://company.trivago.com/?post_type=job-position&p=23124 ' expected [true] but found [false],
	value is not displayed in defined tag By.xpath: //b[contains(text(),"What you'll do:")]for job url 'https://company.trivago.com/?post_type=job-position&p=23124 ' expected [true] but found [false],
	value is not displayed in defined tag By.xpath: //b[contains(text(),"What you'll definitely need:")]for job url 'https://company.trivago.com/?post_type=job-position&p=23123 ' expected [true] but found [false],
	value is not displayed in defined tag By.xpath: //b[contains(text(),"What we'd love you to have:")]for job url 'https://company.trivago.com/?post_type=job-position&p=23123 ' expected [true] but found [false],
	value is not displayed in defined tag By.xpath: //b[contains(text(),"What you'll do:")]for job url 'https://company.trivago.com/?post_type=job-position&p=23123 ' expected [true] but found [false],
	value is not displayed in defined tag By.xpath: //b[contains(text(),"What you'll definitely need:")]for job url 'https://company.trivago.com/?post_type=job-position&p=23097 ' expected [true] but found [false],
	value is not displayed in defined tag By.xpath: //b[contains(text(),"What we'd love you to have:")]for job url 'https://company.trivago.com/?post_type=job-position&p=23097 ' expected [true] but found [false],
	value is not displayed in defined tag By.xpath: //b[contains(text(),"What you'll do:")]for job url 'https://company.trivago.com/?post_type=job-position&p=23097 ' expected [true] but found [false],
	value is not displayed in defined tag By.xpath: //b[contains(text(),"What you'll definitely need:")]for job url 'https://company.trivago.com/?post_type=job-position&p=23095 ' expected [true] but found [false],
	value is not displayed in defined tag By.xpath: //b[contains(text(),"What we'd love you to have:")]for job url 'https://company.trivago.com/?post_type=job-position&p=23095 ' expected [true] but found [false],
	value is not displayed in defined tag By.xpath: //b[contains(text(),"What you'll do:")]for job url 'https://company.trivago.com/?post_type=job-position&p=23095 ' expected [true] but found [false],
	value is not displayed in defined tag By.xpath: //b[contains(text(),"What you'll definitely need:")]for job url 'https://company.trivago.com/?post_type=job-position&p=23094 ' expected [true] but found [false],
	value is not displayed in defined tag By.xpath: //b[contains(text(),"What we'd love you to have:")]for job url 'https://company.trivago.com/?post_type=job-position&p=23094 ' expected [true] but found [false],
	value is not displayed in defined tag By.xpath: //b[contains(text(),"What you'll do:")]for job url 'https://company.trivago.com/?post_type=job-position&p=23094 ' expected [true] but found [false],
	value is not displayed in defined tag By.xpath: //b[contains(text(),"What you'll definitely need:")]for job url 'https://company.trivago.com/?post_type=job-position&p=23080 ' expected [true] but found [false],
	value is not displayed in defined tag By.xpath: //b[contains(text(),"What we'd love you to have:")]for job url 'https://company.trivago.com/?post_type=job-position&p=23080 ' expected [true] but found [false],
	value is not displayed in defined tag By.xpath: //b[contains(text(),"What you'll do:")]for job url 'https://company.trivago.com/?post_type=job-position&p=23080 ' expected [true] but found [false],
	value is not displayed in defined tag By.xpath: //b[contains(text(),"What you'll definitely need:")]for job url 'https://company.trivago.com/?post_type=job-position&p=23079 ' expected [true] but found [false],
	value is not displayed in defined tag By.xpath: //b[contains(text(),"What we'd love you to have:")]for job url 'https://company.trivago.com/?post_type=job-position&p=23079 ' expected [true] but found [false],
	value is not displayed in defined tag By.xpath: //b[contains(text(),"What you'll do:")]for job url 'https://company.trivago.com/?post_type=job-position&p=23079 ' expected [true] but found [false],
	value is not displayed in defined tag By.xpath: //b[contains(text(),"What you'll definitely need:")]for job url 'https://company.trivago.com/?post_type=job-position&p=23064 ' expected [true] but found [false],
	value is not displayed in defined tag By.xpath: //b[contains(text(),"What we'd love you to have:")]for job url 'https://company.trivago.com/?post_type=job-position&p=23064 ' expected [true] but found [false],
	value is not displayed in defined tag By.xpath: //b[contains(text(),"What you'll do:")]for job url 'https://company.trivago.com/?post_type=job-position&p=23064 ' expected [true] but found [false],
	value is not displayed in defined tag By.xpath: //b[contains(text(),"What you'll definitely need:")]for job url 'https://company.trivago.com/?post_type=job-position&p=23058 ' expected [true] but found [false],
	value is not displayed in defined tag By.xpath: //b[contains(text(),"What we'd love you to have:")]for job url 'https://company.trivago.com/?post_type=job-position&p=23058 ' expected [true] but found [false],
	value is not displayed in defined tag By.xpath: //b[contains(text(),"What you'll do:")]for job url 'https://company.trivago.com/?post_type=job-position&p=23058 ' expected [true] but found [false],
	value is not displayed in defined tag By.xpath: //b[contains(text(),"What you'll definitely need:")]for job url 'https://company.trivago.com/?post_type=job-position&p=23057 ' expected [true] but found [false],
	value is not displayed in defined tag By.xpath: //b[contains(text(),"What we'd love you to have:")]for job url 'https://company.trivago.com/?post_type=job-position&p=23057 ' expected [true] but found [false],
	value is not displayed in defined tag By.xpath: //b[contains(text(),"What you'll do:")]for job url 'https://company.trivago.com/?post_type=job-position&p=23057 ' expected [true] but found [false],
	value is not displayed in defined tag By.xpath: //b[contains(text(),"What you'll definitely need:")]for job url 'https://company.trivago.com/?post_type=job-position&p=23055 ' expected [true] but found [false],
	value is not displayed in defined tag By.xpath: //b[contains(text(),"What we'd love you to have:")]for job url 'https://company.trivago.com/?post_type=job-position&p=23055 ' expected [true] but found [false],
	value is not displayed in defined tag By.xpath: //b[contains(text(),"What you'll do:")]for job url 'https://company.trivago.com/?post_type=job-position&p=23055 ' expected [true] but found [false],
	value is not displayed in defined tag By.xpath: //b[contains(text(),"What you'll definitely need:")]for job url 'https://company.trivago.com/?post_type=job-position&p=23050 ' expected [true] but found [false],
	value is not displayed in defined tag By.xpath: //b[contains(text(),"What we'd love you to have:")]for job url 'https://company.trivago.com/?post_type=job-position&p=23050 ' expected [true] but found [false],
	value is not displayed in defined tag By.xpath: //b[contains(text(),"What you'll do:")]for job url 'https://company.trivago.com/?post_type=job-position&p=23050 ' expected [true] but found [false],
	value is not displayed in defined tag By.xpath: //b[contains(text(),"What you'll definitely need:")]for job url 'https://company.trivago.com/?post_type=job-position&p=23049 ' expected [true] but found [false],
	value is not displayed in defined tag By.xpath: //b[contains(text(),"What we'd love you to have:")]for job url 'https://company.trivago.com/?post_type=job-position&p=23049 ' expected [true] but found [false],
	value is not displayed in defined tag By.xpath: //b[contains(text(),"What you'll do:")]for job url 'https://company.trivago.com/?post_type=job-position&p=23049 ' expected [true] but found [false],
	value is not displayed in defined tag By.xpath: //b[contains(text(),"What you'll definitely need:")]for job url 'https://company.trivago.com/?post_type=job-position&p=23032 ' expected [true] but found [false],
	value is not displayed in defined tag By.xpath: //b[contains(text(),"What we'd love you to have:")]for job url 'https://company.trivago.com/?post_type=job-position&p=23032 ' expected [true] but found [false],
	value is not displayed in defined tag By.xpath: //b[contains(text(),"What you'll do:")]for job url 'https://company.trivago.com/?post_type=job-position&p=23032 ' expected [true] but found [false],
	value is not displayed in defined tag By.xpath: //b[contains(text(),"What you'll definitely need:")]for job url 'https://company.trivago.com/?post_type=job-position&p=23027 ' expected [true] but found [false],
	value is not displayed in defined tag By.xpath: //b[contains(text(),"What we'd love you to have:")]for job url 'https://company.trivago.com/?post_type=job-position&p=23027 ' expected [true] but found [false],
	value is not displayed in defined tag By.xpath: //b[contains(text(),"What you'll do:")]for job url 'https://company.trivago.com/?post_type=job-position&p=23027 ' expected [true] but found [false],
	value is not displayed in defined tag By.xpath: //b[contains(text(),"What you'll definitely need:")]for job url 'https://company.trivago.com/?post_type=job-position&p=23016 ' expected [true] but found [false],
	value is not displayed in defined tag By.xpath: //b[contains(text(),"What we'd love you to have:")]for job url 'https://company.trivago.com/?post_type=job-position&p=23016 ' expected [true] but found [false],
	value is not displayed in defined tag By.xpath: //b[contains(text(),"What you'll do:")]for job url 'https://company.trivago.com/?post_type=job-position&p=23016 ' expected [true] but found [false],
	value is not displayed in defined tag By.xpath: //b[contains(text(),"What you'll definitely need:")]for job url 'https://company.trivago.com/?post_type=job-position&p=23011 ' expected [true] but found [false],
	value is not displayed in defined tag By.xpath: //b[contains(text(),"What we'd love you to have:")]for job url 'https://company.trivago.com/?post_type=job-position&p=23011 ' expected [true] but found [false],
	value is not displayed in defined tag By.xpath: //b[contains(text(),"What you'll do:")]for job url 'https://company.trivago.com/?post_type=job-position&p=23011 ' expected [true] but found [false],
	value is not displayed in defined tag By.xpath: //b[contains(text(),"What you'll definitely need:")]for job url 'https://company.trivago.com/?post_type=job-position&p=23010 ' expected [true] but found [false],
	value is not displayed in defined tag By.xpath: //b[contains(text(),"What we'd love you to have:")]for job url 'https://company.trivago.com/?post_type=job-position&p=23010 ' expected [true] but found [false],
	value is not displayed in defined tag By.xpath: //b[contains(text(),"What you'll do:")]for job url 'https://company.trivago.com/?post_type=job-position&p=23010 ' expected [true] but found [false],
[...]
	value is not displayed in defined tag By.xpath: //b[contains(text(),"What you'll definitely need:")]for job url 'https://company.trivago.com/?post_type=job-position&p=23162 ' expected [true] but found [false],
	value is not displayed in defined tag By.xpath: //b[contains(text(),"What we'd love you to have:")]for job url 'https://company.trivago.com/?post_type=job-position&p=23162 ' expected [true] but found [false],
	value is not displayed in defined tag By.xpath: //b[contains(text(),"What you'll do:")]for job url 'https://company.trivago.com/?post_type=job-position&p=23162 ' expected [true] but found [false],
	value is not displayed in defined tag By.xpath: //b[contains(text(),"What you'll definitely need:")]for job url 'https://company.trivago.com/?post_type=job-position&p=23161 ' expected [true] but found [false],
	value is not displayed in defined tag By.xpath: //b[contains(text(),"What we'd love you to have:")]for job url 'https://company.trivago.com/?post_type=job-position&p=23161 ' expected [true] but found [false],
	value is not displayed in defined tag By.xpath: //b[contains(text(),"What you'll do:")]for job url 'https://company.trivago.com/?post_type=job-position&p=23161 ' expected [true] but found [false],
	value is not displayed in defined tag By.xpath: //b[contains(text(),"What you'll definitely need:")]for job url 'https://company.trivago.com/?post_type=job-position&p=23159 ' expected [true] but found [false],
	value is not displayed in defined tag By.xpath: //b[contains(text(),"What we'd love you to have:")]for job url 'https://company.trivago.com/?post_type=job-position&p=23159 ' expected [true] but found [false],
	value is not displayed in defined tag By.xpath: //b[contains(text(),"What you'll do:")]for job url 'https://company.trivago.com/?post_type=job-position&p=23159 ' expected [true] but found [false],
	value is not displayed in defined tag By.xpath: //b[contains(text(),"What you'll definitely need:")]for job url 'https://company.trivago.com/?post_type=job-position&p=23140 ' expected [true] but found [false],
	value is not displayed in defined tag By.xpath: //b[contains(text(),"What we'd love you to have:")]for job url 'https://company.trivago.com/?post_type=job-position&p=23140 ' expected [true] but found [false],
	value is not displayed in defined tag By.xpath: //b[contains(text(),"What you'll do:")]for job url 'https://company.trivago.com/?post_type=job-position&p=23140 ' expected [true] but found [false],
	value is not displayed in defined tag By.xpath: //b[contains(text(),"What you'll definitely need:")]for job url 'https://company.trivago.com/?post_type=job-position&p=23124 ' expected [true] but found [false],
	value is not displayed in defined tag By.xpath: //b[contains(text(),"What we'd love you to have:")]for job url 'https://company.trivago.com/?post_type=job-position&p=23124 ' expected [true] but found [false],
	value is not displayed in defined tag By.xpath: //b[contains(text(),"What you'll do:")]for job url 'https://company.trivago.com/?post_type=job-position&p=23124 ' expected [true] but found [false],
	value is not displayed in defined tag By.xpath: //b[contains(text(),"What you'll definitely need:")]for job url 'https://company.trivago.com/?post_type=job-position&p=23123 ' expected [true] but found [false],
	value is not displayed in defined tag By.xpath: //b[contains(text(),"What we'd love you to have:")]for job url 'https://company.trivago.com/?post_type=job-position&p=23123 ' expected [true] but found [false],
	value is not displayed in defined tag By.xpath: //b[contains(text(),"What you'll do:")]for job url 'https://company.trivago.com/?post_type=job-position&p=23123 ' expected [true] but found [false],
	value is not displayed in defined tag By.xpath: //b[contains(text(),"What you'll definitely need:")]for job url 'https://company.trivago.com/?post_type=job-position&p=23097 ' expected [true] but found [false],
	value is not displayed in defined tag By.xpath: //b[contains(text(),"What we'd love you to have:")]for job url 'https://company.trivago.com/?post_type=job-position&p=23097 ' expected [true] but found [false],
	value is not displayed in defined tag By.xpath: //b[contains(text(),"What you'll do:")]for job url 'https://company.trivago.com/?post_type=job-position&p=23097 ' expected [true] but found [false],
	value is not displayed in defined tag By.xpath: //b[contains(text(),"What you'll definitely need:")]for job url 'https://company.trivago.com/?post_type=job-position&p=23095 ' expected [true] but found [false],
	value is not displayed in defined tag By.xpath: //b[contains(text(),"What we'd love you to have:")]for job url 'https://company.trivago.com/?post_type=job-position&p=23095 ' expected [true] but found [false],
	value is not displayed in defined tag By.xpath: //b[contains(text(),"What you'll do:")]for job url 'https://company.trivago.com/?post_type=job-position&p=23095 ' expected [true] but found [false],
	value is not displayed in defined tag By.xpath: //b[contains(text(),"What you'll definitely need:")]for job url 'https://company.trivago.com/?post_type=job-position&p=23094 ' expected [true] but found [false],
	value is not displayed in defined tag By.xpath: //b[contains(text(),"What we'd love you to have:")]for job url 'https://company.trivago.com/?post_type=job-position&p=23094 ' expected [true] but found [false],
	value is not displayed in defined tag By.xpath: //b[contains(text(),"What you'll do:")]for job url 'https://company.trivago.com/?post_type=job-position&p=23094 ' expected [true] but found [false],
	value is not displayed in defined tag By.xpath: //b[contains(text(),"What you'll definitely need:")]for job url 'https://company.trivago.com/?post_type=job-position&p=23080 ' expected [true] but found [false],
	value is not displayed in defined tag By.xpath: //b[contains(text(),"What we'd love you to have:")]for job url 'https://company.trivago.com/?post_type=job-position&p=23080 ' expected [true] but found [false],
	value is not displayed in defined tag By.xpath: //b[contains(text(),"What you'll do:")]for job url 'https://company.trivago.com/?post_type=job-position&p=23080 ' expected [true] but found [false],
	value is not displayed in defined tag By.xpath: //b[contains(text(),"What you'll definitely need:")]for job url 'https://company.trivago.com/?post_type=job-position&p=23079 ' expected [true] but found [false],
	value is not displayed in defined tag By.xpath: //b[contains(text(),"What we'd love you to have:")]for job url 'https://company.trivago.com/?post_type=job-position&p=23079 ' expected [true] but found [false],
	value is not displayed in defined tag By.xpath: //b[contains(text(),"What you'll do:")]for job url 'https://company.trivago.com/?post_type=job-position&p=23079 ' expected [true] but found [false],
	value is not displayed in defined tag By.xpath: //b[contains(text(),"What you'll definitely need:")]for job url 'https://company.trivago.com/?post_type=job-position&p=23064 ' expected [true] but found [false],
	value is not displayed in defined tag By.xpath: //b[contains(text(),"What we'd love you to have:")]for job url 'https://company.trivago.com/?post_type=job-position&p=23064 ' expected [true] but found [false],
	value is not displayed in defined tag By.xpath: //b[contains(text(),"What you'll do:")]for job url 'https://company.trivago.com/?post_type=job-position&p=23064 ' expected [true] but found [false],
	value is not displayed in defined tag By.xpath: //b[contains(text(),"What you'll definitely need:")]for job url 'https://company.trivago.com/?post_type=job-position&p=23058 ' expected [true] but found [false],
	value is not displayed in defined tag By.xpath: //b[contains(text(),"What we'd love you to have:")]for job url 'https://company.trivago.com/?post_type=job-position&p=23058 ' expected [true] but found [false],
	value is not displayed in defined tag By.xpath: //b[contains(text(),"What you'll do:")]for job url 'https://company.trivago.com/?post_type=job-position&p=23058 ' expected [true] but found [false],
	value is not displayed in defined tag By.xpath: //b[contains(text(),"What you'll definitely need:")]for job url 'https://company.trivago.com/?post_type=job-position&p=23057 ' expected [true] but found [false],
	value is not displayed in defined tag By.xpath: //b[contains(text(),"What we'd love you to have:")]for job url 'https://company.trivago.com/?post_type=job-position&p=23057 ' expected [true] but found [false],
	value is not displayed in defined tag By.xpath: //b[contains(text(),"What you'll do:")]for job url 'https://company.trivago.com/?post_type=job-position&p=23057 ' expected [true] but found [false],
	value is not displayed in defined tag By.xpath: //b[contains(text(),"What you'll definitely need:")]for job url 'https://company.trivago.com/?post_type=job-position&p=23055 ' expected [true] but found [false],
	value is not displayed in defined tag By.xpath: //b[contains(text(),"What we'd love you to have:")]for job url 'https://company.trivago.com/?post_type=job-position&p=23055 ' expected [true] but found [false],
	value is not displayed in defined tag By.xpath: //b[contains(text(),"What you'll do:")]for job url 'https://company.trivago.com/?post_type=job-position&p=23055 ' expected [true] but found [false],
	value is not displayed in defined tag By.xpath: //b[contains(text(),"What you'll definitely need:")]for job url 'https://company.trivago.com/?post_type=job-position&p=23050 ' expected [true] but found [false],
	value is not displayed in defined tag By.xpath: //b[contains(text(),"What we'd love you to have:")]for job url 'https://company.trivago.com/?post_type=job-position&p=23050 ' expected [true] but found [false],
	value is not displayed in defined tag By.xpath: //b[contains(text(),"What you'll do:")]for job url 'https://company.trivago.com/?post_type=job-position&p=23050 ' expected [true] but found [false],
	value is not displayed in defined tag By.xpath: //b[contains(text(),"What you'll definitely need:")]for job url 'https://company.trivago.com/?post_type=job-position&p=23049 ' expected [true] but found [false],
	value is not displayed in defined tag By.xpath: //b[contains(text(),"What we'd love you to have:")]for job url 'https://company.trivago.com/?post_type=job-position&p=23049 ' expected [true] but found [false],
	value is not displayed in defined tag By.xpath: //b[contains(text(),"What you'll do:")]for job url 'https://company.trivago.com/?post_type=job-position&p=23049 ' expected [true] but found [false],
	value is not displayed in defined tag By.xpath: //b[contains(text(),"What you'll definitely need:")]for job url 'https://company.trivago.com/?post_type=job-position&p=23032 ' expected [true] but found [false],
	value is not displayed in defined tag By.xpath: //b[contains(text(),"What we'd love you to have:")]for job url 'https://company.trivago.com/?post_type=job-position&p=23032 ' expected [true] but found [false],
	value is not displayed in defined tag By.xpath: //b[contains(text(),"What you'll do:")]for job url 'https://company.trivago.com/?post_type=job-position&p=23032 ' expected [true] but found [false],
	value is not displayed in defined tag By.xpath: //b[contains(text(),"What you'll definitely need:")]for job url 'https://company.trivago.com/?post_type=job-position&p=23027 ' expected [true] but found [false],
	value is not displayed in defined tag By.xpath: //b[contains(text(),"What we'd love you to have:")]for job url 'https://company.trivago.com/?post_type=job-position&p=23027 ' expected [true] but found [false],
	value is not displayed in defined tag By.xpath: //b[contains(text(),"What you'll do:")]for job url 'https://company.trivago.com/?post_type=job-position&p=23027 ' expected [true] but found [false],
	value is not displayed in defined tag By.xpath: //b[contains(text(),"What you'll definitely need:")]for job url 'https://company.trivago.com/?post_type=job-position&p=23016 ' expected [true] but found [false],
	value is not displayed in defined tag By.xpath: //b[contains(text(),"What we'd love you to have:")]for job url 'https://company.trivago.com/?post_type=job-position&p=23016 ' expected [true] but found [false],
	value is not displayed in defined tag By.xpath: //b[contains(text(),"What you'll do:")]for job url 'https://company.trivago.com/?post_type=job-position&p=23016 ' expected [true] but found [false],
	value is not displayed in defined tag By.xpath: //b[contains(text(),"What you'll definitely need:")]for job url 'https://company.trivago.com/?post_type=job-position&p=23011 ' expected [true] but found [false],
	value is not displayed in defined tag By.xpath: //b[contains(text(),"What we'd love you to have:")]for job url 'https://company.trivago.com/?post_type=job-position&p=23011 ' expected [true] but found [false],
	value is not displayed in defined tag By.xpath: //b[contains(text(),"What you'll do:")]for job url 'https://company.trivago.com/?post_type=job-position&p=23011 ' expected [true] but found [false],
	value is not displayed in defined tag By.xpath: //b[contains(text(),"What you'll definitely need:")]for job url 'https://company.trivago.com/?post_type=job-position&p=23010 ' expected [true] but found [false],
	value is not displayed in defined tag By.xpath: //b[contains(text(),"What we'd love you to have:")]for job url 'https://company.trivago.com/?post_type=job-position&p=23010 ' expected [true] but found [false],
	value is not displayed in defined tag By.xpath: //b[contains(text(),"What you'll do:")]for job url 'https://company.trivago.com/?post_type=job-position&p=23010 ' expected [true] but found [false],
	value is not displayed in defined tag By.xpath: //b[contains(text(),"What you'll definitely need:")]for job url 'https://company.trivago.com/?post_type=job-position&p=22996 ' expected [true] but found [false],
	value is not displayed in defined tag By.xpath: //b[contains(text(),"What we'd love you to have:")]for job url 'https://company.trivago.com/?post_type=job-position&p=22996 ' expected [true] but found [false],
	value is not displayed in defined tag By.xpath: //b[contains(text(),"What you'll do:")]for job url 'https://company.trivago.com/?post_type=job-position&p=22996 ' expected [true] but found [false],
	value is not displayed in defined tag By.xpath: //b[contains(text(),"What you'll definitely need:")]for job url 'https://company.trivago.com/?post_type=job-position&p=22948 ' expected [true] but found [false],
	value is not displayed in defined tag By.xpath: //b[contains(text(),"What we'd love you to have:")]for job url 'https://company.trivago.com/?post_type=job-position&p=22948 ' expected [true] but found [false],
	value is not displayed in defined tag By.xpath: //b[contains(text(),"What you'll do:")]for job url 'https://company.trivago.com/?post_type=job-position&p=22948 ' expected [true] but found [false],
	value is not displayed in defined tag By.xpath: //b[contains(text(),"What you'll definitely need:")]for job url 'https://company.trivago.com/?post_type=job-position&p=22905 ' expected [true] but found [false],
	value is not displayed in defined tag By.xpath: //b[contains(text(),"What we'd love you to have:")]for job url 'https://company.trivago.com/?post_type=job-position&p=22905 ' expected [true] but found [false],
	value is not displayed in defined tag By.xpath: //b[contains(text(),"What you'll do:")]for job url 'https://company.trivago.com/?post_type=job-position&p=22905 ' expected [true] but found [false],
	value is not displayed in defined tag By.xpath: //b[contains(text(),"What you'll definitely need:")]for job url 'https://company.trivago.com/?post_type=job-position&p=22904 ' expected [true] but found [false],
	value is not displayed in defined tag By.xpath: //b[contains(text(),"What we'd love you to have:")]for job url 'https://company.trivago.com/?post_type=job-position&p=22904 ' expected [true] but found [false],
	value is not displayed in defined tag By.xpath: //b[contains(text(),"What you'll do:")]for job url 'https://company.trivago.com/?post_type=job-position&p=22904 ' expected [true] but found [false],
	value is not displayed in defined tag By.xpath: //b[contains(text(),"What you'll definitely need:")]for job url 'https://company.trivago.com/?post_type=job-position&p=22364 ' expected [true] but found [false],
	value is not displayed in defined tag By.xpath: //b[contains(text(),"What we'd love you to have:")]for job url 'https://company.trivago.com/?post_type=job-position&p=22364 ' expected [true] but found [false],
	value is not displayed in defined tag By.xpath: //b[contains(text(),"What you'll do:")]for job url 'https://company.trivago.com/?post_type=job-position&p=22364 ' expected [true] but found [false],
	value is not displayed in defined tag By.xpath: //b[contains(text(),"What you'll definitely need:")]for job url 'https://company.trivago.com/?post_type=job-position&p=23302 ' expected [true] but found [false],
	value is not displayed in defined tag By.xpath: //b[contains(text(),"What you'll do:")]for job url 'https://company.trivago.com/?post_type=job-position&p=23302 ' expected [true] but found [false]
	at org.testng.asserts.SoftAssert.assertAll(SoftAssert.java:43)
	at com.trivago.jobslist.TrivagoJobsTest.verifyTag(TrivagoJobsTest.java:247)
	at sun.reflect.NativeMethodAccessorImpl.invoke0(Native Method)
	at sun.reflect.NativeMethodAccessorImpl.invoke(NativeMethodAccessorImpl.java:62)
	at sun.reflect.DelegatingMethodAccessorImpl.invoke(DelegatingMethodAccessorImpl.java:43)
	at java.lang.reflect.Method.invoke(Method.java:498)
	at org.testng.internal.MethodInvocationHelper.invokeMethod(MethodInvocationHelper.java:86)
	at org.testng.internal.Invoker.invokeMethod(Invoker.java:643)
	at org.testng.internal.Invoker.invokeTestMethod(Invoker.java:820)
	at org.testng.internal.Invoker.invokeTestMethods(Invoker.java:1128)
	at org.testng.internal.TestMethodWorker.invokeTestMethods(TestMethodWorker.java:129)
	at org.testng.internal.TestMethodWorker.run(TestMethodWorker.java:112)
	at org.testng.TestRunner.privateRun(TestRunner.java:782)
	at org.testng.TestRunner.run(TestRunner.java:632)
	at org.testng.SuiteRunner.runTest(SuiteRunner.java:366)
	at org.testng.SuiteRunner.runSequentially(SuiteRunner.java:361)
	at org.testng.SuiteRunner.privateRun(SuiteRunner.java:319)
	at org.testng.SuiteRunner.run(SuiteRunner.java:268)
	at org.testng.SuiteRunnerWorker.runSuite(SuiteRunnerWorker.java:52)
	at org.testng.SuiteRunnerWorker.run(SuiteRunnerWorker.java:86)
	at org.testng.TestNG.runSuitesSequentially(TestNG.java:1244)
	at org.testng.TestNG.runSuitesLocally(TestNG.java:1169)
	at org.testng.TestNG.run(TestNG.java:1064)
	at org.testng.remote.AbstractRemoteTestNG.run(AbstractRemoteTestNG.java:115)
	at org.testng.remote.RemoteTestNG.initAndRun(RemoteTestNG.java:251)
	at org.testng.remote.RemoteTestNG.main(RemoteTestNG.java:77)
]]>
            </full-stacktrace>
          </exception> <!-- java.lang.AssertionError -->
          <reporter-output>
          </reporter-output>
        </test-method> <!-- verifyTag -->
        <test-method status="PASS" signature="afterClass()[pri:0, instance:com.trivago.jobslist.TrivagoJobsTest@14bf9759]" name="afterClass" is-config="true" duration-ms="1818" started-at="2019-09-02T21:57:43Z" finished-at="2019-09-02T21:57:45Z">
          <reporter-output>
          </reporter-output>
        </test-method> <!-- afterClass -->
        <test-method status="PASS" signature="clearData()[pri:0, instance:com.trivago.jobslist.TrivagoJobsTest@14bf9759]" name="clearData" is-config="true" duration-ms="0" started-at="2019-09-02T21:57:45Z" finished-at="2019-09-02T21:57:45Z">
          <reporter-output>
          </reporter-output>
        </test-method> <!-- clearData -->
      </class> <!-- com.trivago.jobslist.TrivagoJobsTest -->
    </test> <!-- Default test -->
  </suite> <!-- Default suite -->
</testng-results>
